<?xml version="1.0" encoding="UTF-8"?>
<!-- Generated by org.testng.reporters.JUnitXMLReporter -->
<testsuite ignored="0" hostname="PUN-LAP-BOTCHA" failures="0" tests="4" name="Default test" time="3.934" errors="0" timestamp="2023-06-15T19:09:21 IST">
  <testcase classname="Demo.HTTPRequests" name="listUsers" time="2.338"/>
  <testcase classname="Demo.HTTPRequests" name="ceate" time="0.611"/>
  <testcase classname="Demo.HTTPRequests" name="update" time="0.517"/>
  <testcase classname="Demo.HTTPRequests" name="delete" time="0.418"/>
</testsuite> <!-- Default test -->
